Erro em load_insumos (Pandas): `Import openpyxl` failed.  Use pip or conda to install the openpyxl package.
Traceback (most recent call last):
  File "C:\Users\orion\AppData\Roaming\Python\Python314\site-packages\pandas\compat\_optional.py", line 158, in import_optional_dependency
    module = importlib.import_module(name)
  File "C:\Python314\Lib\importlib\__init__.py", line 88, in import_module
    return _bootstrap._gcd_import(name[level:], package, level)
           ~~~~~~~~~~~~~~~~~~~~~~^^^^^^^^^^^^^^^^^^^^^^^^^^^^^^
  File "<frozen importlib._bootstrap>", line 1398, in _gcd_import
  File "<frozen importlib._bootstrap>", line 1371, in _find_and_load
  File "<frozen importlib._bootstrap>", line 1335, in _find_and_load_unlocked
ModuleNotFoundError: No module named 'openpyxl'

The above exception was the direct cause of the following exception:

Traceback (most recent call last):
  File "C:\Users\orion\Documents\GitHub\DO TRAE- Continuação Antigravity - Trabalho 31.03.26 - Copia - Copia\DO TRAE- Continuação Antigravity - Trabalho 31.03.26 - Copia - Copia\motor.py", line 220, in load_insumos
    df = pd.read_excel(BASE_UNICA_FILE, dtype=str)
  File "C:\Users\orion\AppData\Roaming\Python\Python314\site-packages\pandas\io\excel\_base.py", line 481, in read_excel
    io = ExcelFile(
        io,
    ...<2 lines>...
        engine_kwargs=engine_kwargs,
    )
  File "C:\Users\orion\AppData\Roaming\Python\Python314\site-packages\pandas\io\excel\_base.py", line 1621, in __init__
    self._reader = self._engines[engine](
                   ~~~~~~~~~~~~~~~~~~~~~^
        self._io,
        ^^^^^^^^^
        storage_options=storage_options,
        ^^^^^^^^^^^^^^^^^^^^^^^^^^^^^^^^
        engine_kwargs=engine_kwargs,
        ^^^^^^^^^^^^^^^^^^^^^^^^^^^^
    )
    ^
  File "C:\Users\orion\AppData\Roaming\Python\Python314\site-packages\pandas\io\excel\_openpyxl.py", line 559, in __init__
    import_optional_dependency("openpyxl")
    ~~~~~~~~~~~~~~~~~~~~~~~~~~^^^^^^^^^^^^
  File "C:\Users\orion\AppData\Roaming\Python\Python314\site-packages\pandas\compat\_optional.py", line 161, in import_optional_dependency
    raise ImportError(msg) from err
ImportError: `Import openpyxl` failed.  Use pip or conda to install the openpyxl package.
